15:45:02.227 [main] INFO  monitoring - méthode retirerLivre durée = 63 ms
15:45:02.232 [main] INFO  monitoring - méthode retirerLivre durée = 4 ms
15:45:02.235 [main] INFO  monitoring - méthode retirerLivre durée = 2 ms
15:45:02.323 [main] INFO  monitoring - méthode ajouterAdherent durée = 11 ms
15:45:02.327 [main] INFO  monitoring - méthode ajouterAdherent durée = 3 ms
15:45:02.445 [main] INFO  monitoring - méthode retirerLivre durée = 11 ms
15:45:02.523 [main] INFO  monitoring - méthode ajouterAdherent durée = 2 ms
15:45:02.526 [main] INFO  monitoring - méthode ajouterAdherent durée = 3 ms
15:45:02.558 [main] INFO  monitoring - méthode ajouterAdherent durée = 2 ms
15:45:02.562 [main] INFO  monitoring - méthode ajouterAdherent durée = 4 ms
15:59:02.840 [main] INFO  monitoring - méthode retirerLivre durée = 61 ms
15:59:02.844 [main] INFO  monitoring - méthode retirerLivre durée = 3 ms
15:59:02.847 [main] INFO  monitoring - méthode retirerLivre durée = 2 ms
15:59:02.949 [main] INFO  monitoring - méthode ajouterAdherent durée = 16 ms
15:59:02.952 [main] INFO  monitoring - méthode ajouterAdherent durée = 3 ms
15:59:03.054 [main] INFO  monitoring - méthode retirerLivre durée = 12 ms
15:59:03.129 [main] INFO  monitoring - méthode ajouterAdherent durée = 2 ms
15:59:03.132 [main] INFO  monitoring - méthode ajouterAdherent durée = 3 ms
15:59:03.166 [main] INFO  monitoring - méthode ajouterAdherent durée = 3 ms
15:59:03.170 [main] INFO  monitoring - méthode ajouterAdherent durée = 3 ms
16:56:44.659 [http-nio-8080-exec-4] INFO  monitoring - méthode retirerLivre durée = 55 ms
17:05:18.835 [http-nio-8080-exec-1] INFO  monitoring - méthode ajouterAdherent durée = 122 ms
10:46:09.163 [main] INFO  monitoring - méthode ajouterAdherent durée = 93 ms
10:46:09.388 [main] INFO  monitoring - méthode ajouterAdherent durée = 1 ms
10:46:09.476 [main] INFO  monitoring - méthode ajouterAdherent durée = 3 ms
10:46:09.496 [main] INFO  monitoring - méthode ajouterAdherent durée = 2 ms
10:46:09.516 [main] INFO  monitoring - méthode ajouterAdherent durée = 2 ms
10:49:37.065 [main] INFO  monitoring - méthode ajouterAdherent durée = 87 ms
10:49:37.290 [main] INFO  monitoring - méthode ajouterAdherent durée = 2 ms
10:49:37.362 [main] INFO  monitoring - méthode ajouterAdherent durée = 2 ms
10:49:37.388 [main] INFO  monitoring - méthode ajouterAdherent durée = 3 ms
10:49:37.418 [main] INFO  monitoring - méthode ajouterAdherent durée = 2 ms
10:51:56.421 [main] INFO  monitoring - méthode ajouterAdherent durée = 108 ms
10:51:56.663 [main] INFO  monitoring - méthode ajouterAdherent durée = 1 ms
10:51:56.735 [main] INFO  monitoring - méthode ajouterAdherent durée = 1 ms
10:51:56.764 [main] INFO  monitoring - méthode ajouterAdherent durée = 5 ms
10:51:56.794 [main] INFO  monitoring - méthode ajouterAdherent durée = 2 ms
10:53:03.941 [main] INFO  monitoring - méthode ajouterAdherent durée = 164 ms
10:53:04.141 [main] INFO  monitoring - méthode ajouterAdherent durée = 3 ms
10:53:04.223 [main] INFO  monitoring - méthode ajouterAdherent durée = 4 ms
10:53:04.239 [main] INFO  monitoring - méthode ajouterAdherent durée = 2 ms
10:53:04.275 [main] INFO  monitoring - méthode ajouterAdherent durée = 3 ms
11:48:33.357 [http-nio-auto-1-exec-1] INFO  monitoring - méthode ajouterAdherent durée = 184 ms
11:48:33.639 [http-nio-auto-1-exec-7] INFO  monitoring - méthode ajouterAdherent durée = 3 ms
12:15:46.258 [http-nio-auto-1-exec-1] INFO  monitoring - méthode ajouterAdherent durée = 277 ms
12:15:47.303 [http-nio-auto-1-exec-7] INFO  monitoring - méthode ajouterAdherent durée = 3 ms
13:04:01.930 [http-nio-8080-exec-9] INFO  monitoring - méthode retirerLivre durée = 137 ms
